2025-07-31 09:57:15,664 [Worker-6: Loading available Gradle versions] INFO  o.e.b.c.i.u.g.PublishedGradleVersions - Gradle version information cache is not available. Remote download required.
2025-07-31 09:59:14,951 [ModalContext] INFO  o.e.m.c.i.e.AbstractTransferListenerAdapter - Downloading https://repo.maven.apache.org/maven2/org/apache/maven/archetypes/maven-archetype-quickstart/1.5/maven-archetype-quickstart-1.5.pom
2025-07-31 09:59:14,963 [ModalContext] INFO  o.e.m.c.i.e.AbstractTransferListenerAdapter - Downloaded https://repo.maven.apache.org/maven2/org/apache/maven/archetypes/maven-archetype-quickstart/1.5/maven-archetype-quickstart-1.5.pom
2025-07-31 09:59:14,995 [ModalContext] INFO  o.e.m.c.i.e.AbstractTransferListenerAdapter - Downloading https://repo.maven.apache.org/maven2/org/apache/maven/archetypes/maven-archetype-bundles/1.5/maven-archetype-bundles-1.5.pom
2025-07-31 09:59:14,999 [ModalContext] INFO  o.e.m.c.i.e.AbstractTransferListenerAdapter - Downloaded https://repo.maven.apache.org/maven2/org/apache/maven/archetypes/maven-archetype-bundles/1.5/maven-archetype-bundles-1.5.pom
2025-07-31 09:59:32,655 [Worker-43: Launching mavenrun-a788e481-2b23-41b6-9944-d56042d52411] INFO  o.eclipse.m2e.core.internal.Bundles - getClasspathEntries(Bundle=org.eclipse.m2e.maven.runtime_3.9.900.20250220-2013 [640])
2025-07-31 09:59:32,657 [Worker-43: Launching mavenrun-a788e481-2b23-41b6-9944-d56042d52411] INFO  o.eclipse.m2e.core.internal.Bundles - 	Entry: C:\Users\rajes\Downloads\Java_May25_batch\eclipse-jee-2025-06-R-win32-x86_64\eclipse\plugins\org.eclipse.m2e.maven.runtime_3.9.900.20250220-2013
2025-07-31 09:59:32,657 [Worker-43: Launching mavenrun-a788e481-2b23-41b6-9944-d56042d52411] INFO  o.eclipse.m2e.core.internal.Bundles - 	Entry: C:\Users\rajes\Downloads\Java_May25_batch\eclipse-jee-2025-06-R-win32-x86_64\eclipse\plugins\org.eclipse.m2e.maven.runtime_3.9.900.20250220-2013\jars\aopalliance-1.0.jar
2025-07-31 09:59:32,658 [Worker-43: Launching mavenrun-a788e481-2b23-41b6-9944-d56042d52411] INFO  o.eclipse.m2e.core.internal.Bundles - 	Entry: C:\Users\rajes\Downloads\Java_May25_batch\eclipse-jee-2025-06-R-win32-x86_64\eclipse\plugins\org.eclipse.m2e.maven.runtime_3.9.900.20250220-2013\jars\guice-5.1.0.jar
2025-07-31 09:59:32,658 [Worker-43: Launching mavenrun-a788e481-2b23-41b6-9944-d56042d52411] INFO  o.eclipse.m2e.core.internal.Bundles - 	Entry: C:\Users\rajes\Downloads\Java_May25_batch\eclipse-jee-2025-06-R-win32-x86_64\eclipse\plugins\org.eclipse.m2e.maven.runtime_3.9.900.20250220-2013\jars\httpclient-4.5.14.jar
2025-07-31 09:59:32,658 [Worker-43: Launching mavenrun-a788e481-2b23-41b6-9944-d56042d52411] INFO  o.eclipse.m2e.core.internal.Bundles - 	Entry: C:\Users\rajes\Downloads\Java_May25_batch\eclipse-jee-2025-06-R-win32-x86_64\eclipse\plugins\org.eclipse.m2e.maven.runtime_3.9.900.20250220-2013\jars\httpcore-4.4.16.jar
2025-07-31 09:59:32,658 [Worker-43: Launching mavenrun-a788e481-2b23-41b6-9944-d56042d52411] INFO  o.eclipse.m2e.core.internal.Bundles - 	Entry: C:\Users\rajes\Downloads\Java_May25_batch\eclipse-jee-2025-06-R-win32-x86_64\eclipse\plugins\org.eclipse.m2e.maven.runtime_3.9.900.20250220-2013\jars\jansi-2.4.1.jar
2025-07-31 09:59:32,658 [Worker-43: Launching mavenrun-a788e481-2b23-41b6-9944-d56042d52411] INFO  o.eclipse.m2e.core.internal.Bundles - 	Entry: C:\Users\rajes\Downloads\Java_May25_batch\eclipse-jee-2025-06-R-win32-x86_64\eclipse\plugins\org.eclipse.m2e.maven.runtime_3.9.900.20250220-2013\jars\jcl-over-slf4j-1.7.36.jar
2025-07-31 09:59:32,658 [Worker-43: Launching mavenrun-a788e481-2b23-41b6-9944-d56042d52411] INFO  o.eclipse.m2e.core.internal.Bundles - 	Entry: C:\Users\rajes\Downloads\Java_May25_batch\eclipse-jee-2025-06-R-win32-x86_64\eclipse\plugins\org.eclipse.m2e.maven.runtime_3.9.900.20250220-2013\jars\maven-artifact-3.9.9.jar
2025-07-31 09:59:32,658 [Worker-43: Launching mavenrun-a788e481-2b23-41b6-9944-d56042d52411] INFO  o.eclipse.m2e.core.internal.Bundles - 	Entry: C:\Users\rajes\Downloads\Java_May25_batch\eclipse-jee-2025-06-R-win32-x86_64\eclipse\plugins\org.eclipse.m2e.maven.runtime_3.9.900.20250220-2013\jars\maven-builder-support-3.9.9.jar
2025-07-31 09:59:32,658 [Worker-43: Launching mavenrun-a788e481-2b23-41b6-9944-d56042d52411] INFO  o.eclipse.m2e.core.internal.Bundles - 	Entry: C:\Users\rajes\Downloads\Java_May25_batch\eclipse-jee-2025-06-R-win32-x86_64\eclipse\plugins\org.eclipse.m2e.maven.runtime_3.9.900.20250220-2013\jars\maven-compat-3.9.9.jar
2025-07-31 09:59:32,658 [Worker-43: Launching mavenrun-a788e481-2b23-41b6-9944-d56042d52411] INFO  o.eclipse.m2e.core.internal.Bundles - 	Entry: C:\Users\rajes\Downloads\Java_May25_batch\eclipse-jee-2025-06-R-win32-x86_64\eclipse\plugins\org.eclipse.m2e.maven.runtime_3.9.900.20250220-2013\jars\maven-core-3.9.9.jar
2025-07-31 09:59:32,658 [Worker-43: Launching mavenrun-a788e481-2b23-41b6-9944-d56042d52411] INFO  o.eclipse.m2e.core.internal.Bundles - 	Entry: C:\Users\rajes\Downloads\Java_May25_batch\eclipse-jee-2025-06-R-win32-x86_64\eclipse\plugins\org.eclipse.m2e.maven.runtime_3.9.900.20250220-2013\jars\maven-embedder-3.9.9.jar
2025-07-31 09:59:32,659 [Worker-43: Launching mavenrun-a788e481-2b23-41b6-9944-d56042d52411] INFO  o.eclipse.m2e.core.internal.Bundles - 	Entry: C:\Users\rajes\Downloads\Java_May25_batch\eclipse-jee-2025-06-R-win32-x86_64\eclipse\plugins\org.eclipse.m2e.maven.runtime_3.9.900.20250220-2013\jars\maven-model-3.9.9.jar
2025-07-31 09:59:32,659 [Worker-43: Launching mavenrun-a788e481-2b23-41b6-9944-d56042d52411] INFO  o.eclipse.m2e.core.internal.Bundles - 	Entry: C:\Users\rajes\Downloads\Java_May25_batch\eclipse-jee-2025-06-R-win32-x86_64\eclipse\plugins\org.eclipse.m2e.maven.runtime_3.9.900.20250220-2013\jars\maven-model-builder-3.9.9.jar
2025-07-31 09:59:32,659 [Worker-43: Launching mavenrun-a788e481-2b23-41b6-9944-d56042d52411] INFO  o.eclipse.m2e.core.internal.Bundles - 	Entry: C:\Users\rajes\Downloads\Java_May25_batch\eclipse-jee-2025-06-R-win32-x86_64\eclipse\plugins\org.eclipse.m2e.maven.runtime_3.9.900.20250220-2013\jars\maven-plugin-api-3.9.9.jar
2025-07-31 09:59:32,659 [Worker-43: Launching mavenrun-a788e481-2b23-41b6-9944-d56042d52411] INFO  o.eclipse.m2e.core.internal.Bundles - 	Entry: C:\Users\rajes\Downloads\Java_May25_batch\eclipse-jee-2025-06-R-win32-x86_64\eclipse\plugins\org.eclipse.m2e.maven.runtime_3.9.900.20250220-2013\jars\maven-repository-metadata-3.9.9.jar
2025-07-31 09:59:32,659 [Worker-43: Launching mavenrun-a788e481-2b23-41b6-9944-d56042d52411] INFO  o.eclipse.m2e.core.internal.Bundles - 	Entry: C:\Users\rajes\Downloads\Java_May25_batch\eclipse-jee-2025-06-R-win32-x86_64\eclipse\plugins\org.eclipse.m2e.maven.runtime_3.9.900.20250220-2013\jars\maven-resolver-api-1.9.22.jar
2025-07-31 09:59:32,659 [Worker-43: Launching mavenrun-a788e481-2b23-41b6-9944-d56042d52411] INFO  o.eclipse.m2e.core.internal.Bundles - 	Entry: C:\Users\rajes\Downloads\Java_May25_batch\eclipse-jee-2025-06-R-win32-x86_64\eclipse\plugins\org.eclipse.m2e.maven.runtime_3.9.900.20250220-2013\jars\maven-resolver-connector-basic-1.9.22.jar
2025-07-31 09:59:32,659 [Worker-43: Launching mavenrun-a788e481-2b23-41b6-9944-d56042d52411] INFO  o.eclipse.m2e.core.internal.Bundles - 	Entry: C:\Users\rajes\Downloads\Java_May25_batch\eclipse-jee-2025-06-R-win32-x86_64\eclipse\plugins\org.eclipse.m2e.maven.runtime_3.9.900.20250220-2013\jars\maven-resolver-impl-1.9.22.jar
2025-07-31 09:59:32,659 [Worker-43: Launching mavenrun-a788e481-2b23-41b6-9944-d56042d52411] INFO  o.eclipse.m2e.core.internal.Bundles - 	Entry: C:\Users\rajes\Downloads\Java_May25_batch\eclipse-jee-2025-06-R-win32-x86_64\eclipse\plugins\org.eclipse.m2e.maven.runtime_3.9.900.20250220-2013\jars\maven-resolver-named-locks-1.9.22.jar
2025-07-31 09:59:32,659 [Worker-43: Launching mavenrun-a788e481-2b23-41b6-9944-d56042d52411] INFO  o.eclipse.m2e.core.internal.Bundles - 	Entry: C:\Users\rajes\Downloads\Java_May25_batch\eclipse-jee-2025-06-R-win32-x86_64\eclipse\plugins\org.eclipse.m2e.maven.runtime_3.9.900.20250220-2013\jars\maven-resolver-provider-3.9.9.jar
2025-07-31 09:59:32,659 [Worker-43: Launching mavenrun-a788e481-2b23-41b6-9944-d56042d52411] INFO  o.eclipse.m2e.core.internal.Bundles - 	Entry: C:\Users\rajes\Downloads\Java_May25_batch\eclipse-jee-2025-06-R-win32-x86_64\eclipse\plugins\org.eclipse.m2e.maven.runtime_3.9.900.20250220-2013\jars\maven-resolver-spi-1.9.22.jar
2025-07-31 09:59:32,659 [Worker-43: Launching mavenrun-a788e481-2b23-41b6-9944-d56042d52411] INFO  o.eclipse.m2e.core.internal.Bundles - 	Entry: C:\Users\rajes\Downloads\Java_May25_batch\eclipse-jee-2025-06-R-win32-x86_64\eclipse\plugins\org.eclipse.m2e.maven.runtime_3.9.900.20250220-2013\jars\maven-resolver-transport-file-1.9.22.jar
2025-07-31 09:59:32,659 [Worker-43: Launching mavenrun-a788e481-2b23-41b6-9944-d56042d52411] INFO  o.eclipse.m2e.core.internal.Bundles - 	Entry: C:\Users\rajes\Downloads\Java_May25_batch\eclipse-jee-2025-06-R-win32-x86_64\eclipse\plugins\org.eclipse.m2e.maven.runtime_3.9.900.20250220-2013\jars\maven-resolver-transport-http-1.9.22.jar
2025-07-31 09:59:32,660 [Worker-43: Launching mavenrun-a788e481-2b23-41b6-9944-d56042d52411] INFO  o.eclipse.m2e.core.internal.Bundles - 	Entry: C:\Users\rajes\Downloads\Java_May25_batch\eclipse-jee-2025-06-R-win32-x86_64\eclipse\plugins\org.eclipse.m2e.maven.runtime_3.9.900.20250220-2013\jars\maven-resolver-transport-wagon-1.9.22.jar
2025-07-31 09:59:32,660 [Worker-43: Launching mavenrun-a788e481-2b23-41b6-9944-d56042d52411] INFO  o.eclipse.m2e.core.internal.Bundles - 	Entry: C:\Users\rajes\Downloads\Java_May25_batch\eclipse-jee-2025-06-R-win32-x86_64\eclipse\plugins\org.eclipse.m2e.maven.runtime_3.9.900.20250220-2013\jars\maven-resolver-util-1.9.22.jar
2025-07-31 09:59:32,660 [Worker-43: Launching mavenrun-a788e481-2b23-41b6-9944-d56042d52411] INFO  o.eclipse.m2e.core.internal.Bundles - 	Entry: C:\Users\rajes\Downloads\Java_May25_batch\eclipse-jee-2025-06-R-win32-x86_64\eclipse\plugins\org.eclipse.m2e.maven.runtime_3.9.900.20250220-2013\jars\maven-settings-3.9.9.jar
2025-07-31 09:59:32,660 [Worker-43: Launching mavenrun-a788e481-2b23-41b6-9944-d56042d52411] INFO  o.eclipse.m2e.core.internal.Bundles - 	Entry: C:\Users\rajes\Downloads\Java_May25_batch\eclipse-jee-2025-06-R-win32-x86_64\eclipse\plugins\org.eclipse.m2e.maven.runtime_3.9.900.20250220-2013\jars\maven-settings-builder-3.9.9.jar
2025-07-31 09:59:32,660 [Worker-43: Launching mavenrun-a788e481-2b23-41b6-9944-d56042d52411] INFO  o.eclipse.m2e.core.internal.Bundles - 	Entry: C:\Users\rajes\Downloads\Java_May25_batch\eclipse-jee-2025-06-R-win32-x86_64\eclipse\plugins\org.eclipse.m2e.maven.runtime_3.9.900.20250220-2013\jars\maven-shared-utils-3.4.2.jar
2025-07-31 09:59:32,660 [Worker-43: Launching mavenrun-a788e481-2b23-41b6-9944-d56042d52411] INFO  o.eclipse.m2e.core.internal.Bundles - 	Entry: C:\Users\rajes\Downloads\Java_May25_batch\eclipse-jee-2025-06-R-win32-x86_64\eclipse\plugins\org.eclipse.m2e.maven.runtime_3.9.900.20250220-2013\jars\org.eclipse.sisu.inject-0.9.0.M3.jar
2025-07-31 09:59:32,660 [Worker-43: Launching mavenrun-a788e481-2b23-41b6-9944-d56042d52411] INFO  o.eclipse.m2e.core.internal.Bundles - 	Entry: C:\Users\rajes\Downloads\Java_May25_batch\eclipse-jee-2025-06-R-win32-x86_64\eclipse\plugins\org.eclipse.m2e.maven.runtime_3.9.900.20250220-2013\jars\org.eclipse.sisu.plexus-0.9.0.M3.jar
2025-07-31 09:59:32,660 [Worker-43: Launching mavenrun-a788e481-2b23-41b6-9944-d56042d52411] INFO  o.eclipse.m2e.core.internal.Bundles - 	Entry: C:\Users\rajes\Downloads\Java_May25_batch\eclipse-jee-2025-06-R-win32-x86_64\eclipse\plugins\org.eclipse.m2e.maven.runtime_3.9.900.20250220-2013\jars\plexus-build-api-0.0.7.jar
2025-07-31 09:59:32,660 [Worker-43: Launching mavenrun-a788e481-2b23-41b6-9944-d56042d52411] INFO  o.eclipse.m2e.core.internal.Bundles - 	Entry: C:\Users\rajes\Downloads\Java_May25_batch\eclipse-jee-2025-06-R-win32-x86_64\eclipse\plugins\org.eclipse.m2e.maven.runtime_3.9.900.20250220-2013\jars\plexus-build-api-1.2.0.jar
2025-07-31 09:59:32,660 [Worker-43: Launching mavenrun-a788e481-2b23-41b6-9944-d56042d52411] INFO  o.eclipse.m2e.core.internal.Bundles - 	Entry: C:\Users\rajes\Downloads\Java_May25_batch\eclipse-jee-2025-06-R-win32-x86_64\eclipse\plugins\org.eclipse.m2e.maven.runtime_3.9.900.20250220-2013\jars\plexus-cipher-2.0.jar
2025-07-31 09:59:32,660 [Worker-43: Launching mavenrun-a788e481-2b23-41b6-9944-d56042d52411] INFO  o.eclipse.m2e.core.internal.Bundles - 	Entry: C:\Users\rajes\Downloads\Java_May25_batch\eclipse-jee-2025-06-R-win32-x86_64\eclipse\plugins\org.eclipse.m2e.maven.runtime_3.9.900.20250220-2013\jars\plexus-classworlds-2.8.0.jar
2025-07-31 09:59:32,661 [Worker-43: Launching mavenrun-a788e481-2b23-41b6-9944-d56042d52411] INFO  o.eclipse.m2e.core.internal.Bundles - 	Entry: C:\Users\rajes\Downloads\Java_May25_batch\eclipse-jee-2025-06-R-win32-x86_64\eclipse\plugins\org.eclipse.m2e.maven.runtime_3.9.900.20250220-2013\jars\plexus-component-annotations-2.1.0.jar
2025-07-31 09:59:32,661 [Worker-43: Launching mavenrun-a788e481-2b23-41b6-9944-d56042d52411] INFO  o.eclipse.m2e.core.internal.Bundles - 	Entry: C:\Users\rajes\Downloads\Java_May25_batch\eclipse-jee-2025-06-R-win32-x86_64\eclipse\plugins\org.eclipse.m2e.maven.runtime_3.9.900.20250220-2013\jars\plexus-interpolation-1.27.jar
2025-07-31 09:59:32,661 [Worker-43: Launching mavenrun-a788e481-2b23-41b6-9944-d56042d52411] INFO  o.eclipse.m2e.core.internal.Bundles - 	Entry: C:\Users\rajes\Downloads\Java_May25_batch\eclipse-jee-2025-06-R-win32-x86_64\eclipse\plugins\org.eclipse.m2e.maven.runtime_3.9.900.20250220-2013\jars\plexus-sec-dispatcher-2.0.jar
2025-07-31 09:59:32,661 [Worker-43: Launching mavenrun-a788e481-2b23-41b6-9944-d56042d52411] INFO  o.eclipse.m2e.core.internal.Bundles - 	Entry: C:\Users\rajes\Downloads\Java_May25_batch\eclipse-jee-2025-06-R-win32-x86_64\eclipse\plugins\org.eclipse.m2e.maven.runtime_3.9.900.20250220-2013\jars\plexus-utils-3.5.1.jar
2025-07-31 09:59:32,661 [Worker-43: Launching mavenrun-a788e481-2b23-41b6-9944-d56042d52411] INFO  o.eclipse.m2e.core.internal.Bundles - 	Entry: C:\Users\rajes\Downloads\Java_May25_batch\eclipse-jee-2025-06-R-win32-x86_64\eclipse\plugins\org.eclipse.m2e.maven.runtime_3.9.900.20250220-2013\jars\plexus-xml-3.0.1.jar
2025-07-31 09:59:32,661 [Worker-43: Launching mavenrun-a788e481-2b23-41b6-9944-d56042d52411] INFO  o.eclipse.m2e.core.internal.Bundles - 	Entry: C:\Users\rajes\Downloads\Java_May25_batch\eclipse-jee-2025-06-R-win32-x86_64\eclipse\plugins\org.eclipse.m2e.maven.runtime_3.9.900.20250220-2013\jars\wagon-file-3.5.3.jar
2025-07-31 09:59:32,661 [Worker-43: Launching mavenrun-a788e481-2b23-41b6-9944-d56042d52411] INFO  o.eclipse.m2e.core.internal.Bundles - 	Entry: C:\Users\rajes\Downloads\Java_May25_batch\eclipse-jee-2025-06-R-win32-x86_64\eclipse\plugins\org.eclipse.m2e.maven.runtime_3.9.900.20250220-2013\jars\wagon-http-3.5.3.jar
2025-07-31 09:59:32,661 [Worker-43: Launching mavenrun-a788e481-2b23-41b6-9944-d56042d52411] INFO  o.eclipse.m2e.core.internal.Bundles - 	Entry: C:\Users\rajes\Downloads\Java_May25_batch\eclipse-jee-2025-06-R-win32-x86_64\eclipse\plugins\org.eclipse.m2e.maven.runtime_3.9.900.20250220-2013\jars\wagon-http-shared-3.5.3.jar
2025-07-31 09:59:32,661 [Worker-43: Launching mavenrun-a788e481-2b23-41b6-9944-d56042d52411] INFO  o.eclipse.m2e.core.internal.Bundles - 	Entry: C:\Users\rajes\Downloads\Java_May25_batch\eclipse-jee-2025-06-R-win32-x86_64\eclipse\plugins\org.eclipse.m2e.maven.runtime_3.9.900.20250220-2013\jars\wagon-provider-api-3.5.3.jar
2025-07-31 09:59:32,662 [Worker-43: Launching mavenrun-a788e481-2b23-41b6-9944-d56042d52411] INFO  o.eclipse.m2e.core.internal.Bundles - getClasspathEntries(Bundle=com.google.guava_33.4.8.jre [18])
2025-07-31 09:59:32,663 [Worker-43: Launching mavenrun-a788e481-2b23-41b6-9944-d56042d52411] INFO  o.eclipse.m2e.core.internal.Bundles - 	Entry: C:\Users\rajes\Downloads\Java_May25_batch\eclipse-jee-2025-06-R-win32-x86_64\eclipse\plugins\com.google.guava_33.4.8.jre.jar
2025-07-31 09:59:32,663 [Worker-43: Launching mavenrun-a788e481-2b23-41b6-9944-d56042d52411] INFO  o.eclipse.m2e.core.internal.Bundles - getClasspathEntries(Bundle=slf4j.api_2.0.17 [1006])
2025-07-31 09:59:32,663 [Worker-43: Launching mavenrun-a788e481-2b23-41b6-9944-d56042d52411] INFO  o.eclipse.m2e.core.internal.Bundles - 	Entry: C:\Users\rajes\Downloads\Java_May25_batch\eclipse-jee-2025-06-R-win32-x86_64\eclipse\plugins\slf4j.api_2.0.17.jar
2025-07-31 09:59:32,663 [Worker-43: Launching mavenrun-a788e481-2b23-41b6-9944-d56042d52411] INFO  o.eclipse.m2e.core.internal.Bundles - getClasspathEntries(Bundle=jakarta.inject.jakarta.inject-api_1.0.5 [35])
2025-07-31 09:59:32,664 [Worker-43: Launching mavenrun-a788e481-2b23-41b6-9944-d56042d52411] INFO  o.eclipse.m2e.core.internal.Bundles - 	Entry: C:\Users\rajes\Downloads\Java_May25_batch\eclipse-jee-2025-06-R-win32-x86_64\eclipse\plugins\jakarta.inject.jakarta.inject-api_1.0.5.jar
2025-07-31 09:59:32,664 [Worker-43: Launching mavenrun-a788e481-2b23-41b6-9944-d56042d52411] INFO  o.eclipse.m2e.core.internal.Bundles - getClasspathEntries(Bundle=javax.annotation_1.3.5.v20200909-1856 [45])
2025-07-31 09:59:32,664 [Worker-43: Launching mavenrun-a788e481-2b23-41b6-9944-d56042d52411] INFO  o.eclipse.m2e.core.internal.Bundles - 	Entry: C:\Users\rajes\Downloads\Java_May25_batch\eclipse-jee-2025-06-R-win32-x86_64\eclipse\plugins\javax.annotation_1.3.5.v20200909-1856.jar
2025-07-31 09:59:32,664 [Worker-43: Launching mavenrun-a788e481-2b23-41b6-9944-d56042d52411] INFO  o.eclipse.m2e.core.internal.Bundles - getClasspathEntries(Bundle=org.apache.commons.cli_1.9.0 [76])
2025-07-31 09:59:32,664 [Worker-43: Launching mavenrun-a788e481-2b23-41b6-9944-d56042d52411] INFO  o.eclipse.m2e.core.internal.Bundles - 	Entry: C:\Users\rajes\Downloads\Java_May25_batch\eclipse-jee-2025-06-R-win32-x86_64\eclipse\plugins\org.apache.commons.cli_1.9.0.jar
2025-07-31 09:59:32,664 [Worker-43: Launching mavenrun-a788e481-2b23-41b6-9944-d56042d52411] INFO  o.eclipse.m2e.core.internal.Bundles - getClasspathEntries(Bundle=org.apache.commons.commons-codec_1.16.0 [78])
2025-07-31 09:59:32,664 [Worker-43: Launching mavenrun-a788e481-2b23-41b6-9944-d56042d52411] INFO  o.eclipse.m2e.core.internal.Bundles - 	Entry: C:\Users\rajes\Downloads\Java_May25_batch\eclipse-jee-2025-06-R-win32-x86_64\eclipse\plugins\org.apache.commons.commons-codec_1.16.0.jar
2025-07-31 09:59:32,665 [Worker-43: Launching mavenrun-a788e481-2b23-41b6-9944-d56042d52411] INFO  o.eclipse.m2e.core.internal.Bundles - getClasspathEntries(Bundle=com.google.guava.failureaccess_1.0.3 [19])
2025-07-31 09:59:32,665 [Worker-43: Launching mavenrun-a788e481-2b23-41b6-9944-d56042d52411] INFO  o.eclipse.m2e.core.internal.Bundles - 	Entry: C:\Users\rajes\Downloads\Java_May25_batch\eclipse-jee-2025-06-R-win32-x86_64\eclipse\plugins\com.google.guava.failureaccess_1.0.3.jar
2025-07-31 09:59:32,668 [Worker-43: Launching mavenrun-a788e481-2b23-41b6-9944-d56042d52411] INFO  o.e.m.i.launch.MavenLaunchDelegate - Run build in "C:\Users\rajes\AppData\Local\Temp\m2e-archetypeGenerator15714426855642060801":
2025-07-31 09:59:32,671 [Worker-43: Launching mavenrun-a788e481-2b23-41b6-9944-d56042d52411] INFO  o.e.m.i.launch.MavenLaunchDelegate -  mvn  -DjavaCompilerVersion=17 -DjunitVersion=5.11.0 -DarchetypeGroupId=org.apache.maven.archetypes -DarchetypeArtifactId=maven-archetype-quickstart -DarchetypeVersion=1.5 -DgroupId=com.tekgrads -DartifactId=SpringCore -Dversion=0.0.1-SNAPSHOT -Dpackage=com.tekgrads.SpringCore -DoutputDirectory=C:\Users\rajes\OneDrive\Desktop\Tekgrads_Mat25_Batch\Class2_Git_Demo\May2025_Testing\SpringCore -Dstyle.color=always -U archetype:generate
